<?xml version="1.0" encoding="UTF-8"?>
<testng-results ignored="0" total="1" passed="1" failed="0" skipped="0">
  <reporter-output>
  </reporter-output>
  <suite started-at="2021-09-13T20:21:20 IST" name="Default suite" finished-at="2021-09-13T20:21:22 IST" duration-ms="2273">
    <groups>
    </groups>
    <test started-at="2021-09-13T20:21:20 IST" name="Default test" finished-at="2021-09-13T20:21:22 IST" duration-ms="2273">
      <class name="FreeStyle1.FreeStyle">
        <test-method signature="automate()[pri:0, instance:FreeStyle1.FreeStyle@29647f75]" started-at="2021-09-13T20:21:20 IST" name="automate" finished-at="2021-09-13T20:21:22 IST" duration-ms="2252" status="PASS">
          <reporter-output>
          </reporter-output>
        </test-method> <!-- automate -->
      </class> <!-- FreeStyle1.FreeStyle -->
    </test> <!-- Default test -->
  </suite> <!-- Default suite -->
</testng-results>
