<?xml version="1.0" encoding="UTF-8"?>
<testng-results ignored="0" total="1" passed="1" failed="0" skipped="0">
  <reporter-output>
  </reporter-output>
  <suite started-at="2021-09-09T16:41:04 IST" name="TestSuite" finished-at="2021-09-09T16:41:05 IST" duration-ms="1921">
    <groups>
    </groups>
    <test started-at="2021-09-09T16:41:04 IST" name="Test Case" finished-at="2021-09-09T16:41:05 IST" duration-ms="1921">
      <class name="FreeStyle1.FreeStyle">
        <test-method signature="automate()[pri:0, instance:FreeStyle1.FreeStyle@29647f75]" started-at="2021-09-09T16:41:04 IST" name="automate" finished-at="2021-09-09T16:41:05 IST" duration-ms="1901" status="PASS">
          <reporter-output>
          </reporter-output>
        </test-method> <!-- automate -->
      </class> <!-- FreeStyle1.FreeStyle -->
    </test> <!-- Test Case -->
  </suite> <!-- TestSuite -->
</testng-results>
